2019-07-31 10:49:07,198 [main] INFO  c.a.j.u.JstormUiApplication - Starting JstormUiApplication on zanhonglei with PID 149508 (F:\workspace\pmi2\jstorm\jstorm-ui-boot\target\classes started by zhl in F:\workspace\pmi2\jstorm\jstorm-ui-boot)
2019-07-31 10:49:07,199 [main] INFO  c.a.j.u.JstormUiApplication - The following profiles are active: dev
2019-07-31 10:49:07,231 [main] INFO  o.s.b.c.e.AnnotationConfigEmbeddedWebApplicationContext - Refreshing org.springframework.boot.context.embedded.AnnotationConfigEmbeddedWebApplicationContext@4df50bcc: startup date [Wed Jul 31 10:49:07 CST 2019]; root of context hierarchy
2019-07-31 10:49:07,312 [background-preinit] INFO  o.h.v.i.u.Version - HV000001: Hibernate Validator 5.3.6.Final
2019-07-31 10:49:08,003 [main] INFO  o.s.b.c.e.t.TomcatEmbeddedServletContainer - Tomcat initialized with port(s): 6060 (http)
2019-07-31 10:49:08,010 [main] INFO  o.a.c.c.StandardService - Starting service [Tomcat]
2019-07-31 10:49:08,010 [main] INFO  o.a.c.c.StandardEngine - Starting Servlet Engine: Apache Tomcat/8.5.23
2019-07-31 10:49:08,074 [Tomcat-startStop-1] ERROR o.a.c.c.ContainerBase - A child container failed during start
java.lang.NoSuchMethodError: javax.servlet.ServletContext.getVirtualServerName()Ljava/lang/String;
	at org.apache.catalina.authenticator.AuthenticatorBase.startInternal(AuthenticatorBase.java:1141)
	at org.apache.catalina.util.LifecycleBase.start(LifecycleBase.java:150)
	... 10 common frames omitted
Wrapped by: org.apache.catalina.LifecycleException: Failed to start component [org.apache.catalina.authenticator.NonLoginAuthenticator[]]
	at org.apache.catalina.util.LifecycleBase.start(LifecycleBase.java:167)
	at org.apache.catalina.core.StandardPipeline.startInternal(StandardPipeline.java:182)
	at org.apache.catalina.util.LifecycleBase.start(LifecycleBase.java:150)
	... 8 common frames omitted
Wrapped by: org.apache.catalina.LifecycleException: Failed to start component [Pipeline[StandardEngine[Tomcat].StandardHost[localhost].TomcatEmbeddedContext[]]]
	at org.apache.catalina.util.LifecycleBase.start(LifecycleBase.java:167)
	at org.apache.catalina.core.StandardContext.startInternal(StandardContext.java:5117)
	at org.apache.catalina.util.LifecycleBase.start(LifecycleBase.java:150)
	... 6 common frames omitted
Wrapped by: org.apache.catalina.LifecycleException: Failed to start component [StandardEngine[Tomcat].StandardHost[localhost].TomcatEmbeddedContext[]]
	at org.apache.catalina.util.LifecycleBase.start(LifecycleBase.java:167)
	... 6 common frames omitted
Wrapped by: java.util.concurrent.ExecutionException: org.apache.catalina.LifecycleException: Failed to start component [StandardEngine[Tomcat].StandardHost[localhost].TomcatEmbeddedContext[]]
	at java.util.concurrent.FutureTask.report(FutureTask.java:122)
	at java.util.concurrent.FutureTask.get(FutureTask.java:192)
	at org.apache.catalina.core.ContainerBase.startInternal(ContainerBase.java:939)
	at org.apache.catalina.core.StandardHost.startInternal(StandardHost.java:872)
	at org.apache.catalina.util.LifecycleBase.start(LifecycleBase.java:150)
	at org.apache.catalina.core.ContainerBase$StartChild.call(ContainerBase.java:1419)
	at org.apache.catalina.core.ContainerBase$StartChild.call(ContainerBase.java:1409)
	at java.util.concurrent.FutureTask.run(FutureTask.java:266)
	at java.util.concurrent.ThreadPoolExecutor.runWorker(ThreadPoolExecutor.java:1149)
	at java.util.concurrent.ThreadPoolExecutor$Worker.run(ThreadPoolExecutor.java:624)
	at java.lang.Thread.run(Thread.java:748)
2019-07-31 10:49:08,074 [main] ERROR o.a.c.c.ContainerBase - A child container failed during start
org.apache.catalina.LifecycleException: A child container failed during start
	at org.apache.catalina.core.ContainerBase.startInternal(ContainerBase.java:948)
	at org.apache.catalina.core.StandardHost.startInternal(StandardHost.java:872)
	at org.apache.catalina.util.LifecycleBase.start(LifecycleBase.java:150)
	... 6 common frames omitted
Wrapped by: org.apache.catalina.LifecycleException: Failed to start component [StandardEngine[Tomcat].StandardHost[localhost]]
	at org.apache.catalina.util.LifecycleBase.start(LifecycleBase.java:167)
	at org.apache.catalina.core.ContainerBase$StartChild.call(ContainerBase.java:1419)
	at org.apache.catalina.core.ContainerBase$StartChild.call(ContainerBase.java:1409)
	at java.util.concurrent.FutureTask.run(FutureTask.java:266)
	at java.util.concurrent.ThreadPoolExecutor.runWorker(ThreadPoolExecutor.java:1149)
	at java.util.concurrent.ThreadPoolExecutor$Worker.run(ThreadPoolExecutor.java:624)
	at java.lang.Thread.run(Thread.java:748)
Wrapped by: java.util.concurrent.ExecutionException: org.apache.catalina.LifecycleException: Failed to start component [StandardEngine[Tomcat].StandardHost[localhost]]
	at java.util.concurrent.FutureTask.report(FutureTask.java:122)
	at java.util.concurrent.FutureTask.get(FutureTask.java:192)
	at org.apache.catalina.core.ContainerBase.startInternal(ContainerBase.java:939)
	at org.apache.catalina.core.StandardEngine.startInternal(StandardEngine.java:262)
	at org.apache.catalina.util.LifecycleBase.start(LifecycleBase.java:150)
	at org.apache.catalina.core.StandardService.startInternal(StandardService.java:422)
	at org.apache.catalina.util.LifecycleBase.start(LifecycleBase.java:150)
	at org.apache.catalina.core.StandardServer.startInternal(StandardServer.java:793)
	at org.apache.catalina.util.LifecycleBase.start(LifecycleBase.java:150)
	at org.apache.catalina.startup.Tomcat.start(Tomcat.java:367)
	at org.springframework.boot.context.embedded.tomcat.TomcatEmbeddedServletContainer.initialize(TomcatEmbeddedServletContainer.java:99)
	at org.springframework.boot.context.embedded.tomcat.TomcatEmbeddedServletContainer.<init>(TomcatEmbeddedServletContainer.java:84)
	at org.springframework.boot.context.embedded.tomcat.TomcatEmbeddedServletContainerFactory.getTomcatEmbeddedServletContainer(TomcatEmbeddedServletContainerFactory.java:554)
	at org.springframework.boot.context.embedded.tomcat.TomcatEmbeddedServletContainerFactory.getEmbeddedServletContainer(TomcatEmbeddedServletContainerFactory.java:179)
	at org.springframework.boot.context.embedded.EmbeddedWebApplicationContext.createEmbeddedServletContainer(EmbeddedWebApplicationContext.java:164)
	at org.springframework.boot.context.embedded.EmbeddedWebApplicationContext.onRefresh(EmbeddedWebApplicationContext.java:134)
	at org.springframework.context.support.AbstractApplicationContext.refresh(AbstractApplicationContext.java:537)
	at org.springframework.boot.context.embedded.EmbeddedWebApplicationContext.refresh(EmbeddedWebApplicationContext.java:122)
	at org.springframework.boot.SpringApplication.refresh(SpringApplication.java:693)
	at org.springframework.boot.SpringApplication.refreshContext(SpringApplication.java:360)
	at org.springframework.boot.SpringApplication.run(SpringApplication.java:303)
	at com.alibaba.jstorm.ui.JstormUiApplication.main(JstormUiApplication.java:12)
2019-07-31 10:49:08,075 [main] WARN  o.s.b.c.e.AnnotationConfigEmbeddedWebApplicationContext - Exception encountered during context initialization - cancelling refresh attempt: org.springframework.context.ApplicationContextException: Unable to start embedded container; nested exception is org.springframework.boot.context.embedded.EmbeddedServletContainerException: Unable to start embedded Tomcat
2019-07-31 10:49:08,080 [main] INFO  o.s.b.a.l.AutoConfigurationReportLoggingInitializer - 

Error starting ApplicationContext. To display the auto-configuration report re-run your application with 'debug' enabled.
2019-07-31 10:49:08,083 [main] ERROR o.s.b.SpringApplication - Application startup failed
org.apache.catalina.LifecycleException: A child container failed during start
	at org.apache.catalina.core.ContainerBase.startInternal(ContainerBase.java:948)
	at org.apache.catalina.core.StandardEngine.startInternal(StandardEngine.java:262)
	at org.apache.catalina.util.LifecycleBase.start(LifecycleBase.java:150)
	... 17 common frames omitted
Wrapped by: org.apache.catalina.LifecycleException: Failed to start component [StandardEngine[Tomcat]]
	at org.apache.catalina.util.LifecycleBase.start(LifecycleBase.java:167)
	at org.apache.catalina.core.StandardService.startInternal(StandardService.java:422)
	at org.apache.catalina.util.LifecycleBase.start(LifecycleBase.java:150)
	... 15 common frames omitted
Wrapped by: org.apache.catalina.LifecycleException: Failed to start component [StandardService[Tomcat]]
	at org.apache.catalina.util.LifecycleBase.start(LifecycleBase.java:167)
	at org.apache.catalina.core.StandardServer.startInternal(StandardServer.java:793)
	at org.apache.catalina.util.LifecycleBase.start(LifecycleBase.java:150)
	... 13 common frames omitted
Wrapped by: org.apache.catalina.LifecycleException: Failed to start component [StandardServer[-1]]
	at org.apache.catalina.util.LifecycleBase.start(LifecycleBase.java:167)
	at org.apache.catalina.startup.Tomcat.start(Tomcat.java:367)
	at org.springframework.boot.context.embedded.tomcat.TomcatEmbeddedServletContainer.initialize(TomcatEmbeddedServletContainer.java:99)
	... 11 common frames omitted
Wrapped by: org.springframework.boot.context.embedded.EmbeddedServletContainerException: Unable to start embedded Tomcat
	at org.springframework.boot.context.embedded.tomcat.TomcatEmbeddedServletContainer.initialize(TomcatEmbeddedServletContainer.java:123)
	at org.springframework.boot.context.embedded.tomcat.TomcatEmbeddedServletContainer.<init>(TomcatEmbeddedServletContainer.java:84)
	at org.springframework.boot.context.embedded.tomcat.TomcatEmbeddedServletContainerFactory.getTomcatEmbeddedServletContainer(TomcatEmbeddedServletContainerFactory.java:554)
	at org.springframework.boot.context.embedded.tomcat.TomcatEmbeddedServletContainerFactory.getEmbeddedServletContainer(TomcatEmbeddedServletContainerFactory.java:179)
	at org.springframework.boot.context.embedded.EmbeddedWebApplicationContext.createEmbeddedServletContainer(EmbeddedWebApplicationContext.java:164)
	at org.springframework.boot.context.embedded.EmbeddedWebApplicationContext.onRefresh(EmbeddedWebApplicationContext.java:134)
	... 6 common frames omitted
Wrapped by: org.springframework.context.ApplicationContextException: Unable to start embedded container; nested exception is org.springframework.boot.context.embedded.EmbeddedServletContainerException: Unable to start embedded Tomcat
	at org.springframework.boot.context.embedded.EmbeddedWebApplicationContext.onRefresh(EmbeddedWebApplicationContext.java:137)
	at org.springframework.context.support.AbstractApplicationContext.refresh(AbstractApplicationContext.java:537)
	at org.springframework.boot.context.embedded.EmbeddedWebApplicationContext.refresh(EmbeddedWebApplicationContext.java:122)
	at org.springframework.boot.SpringApplication.refresh(SpringApplication.java:693)
	at org.springframework.boot.SpringApplication.refreshContext(SpringApplication.java:360)
	at org.springframework.boot.SpringApplication.run(SpringApplication.java:303)
	at com.alibaba.jstorm.ui.JstormUiApplication.main(JstormUiApplication.java:12)
2019-07-31 10:49:16,575 [main] INFO  c.a.j.u.JstormUiApplication - Starting JstormUiApplication on zanhonglei with PID 151268 (F:\workspace\pmi2\jstorm\jstorm-ui-boot\target\classes started by zhl in F:\workspace\pmi2\jstorm\jstorm-ui-boot)
2019-07-31 10:49:16,577 [main] INFO  c.a.j.u.JstormUiApplication - The following profiles are active: dev
2019-07-31 10:49:16,626 [main] INFO  o.s.b.c.e.AnnotationConfigEmbeddedWebApplicationContext - Refreshing org.springframework.boot.context.embedded.AnnotationConfigEmbeddedWebApplicationContext@4df50bcc: startup date [Wed Jul 31 10:49:16 CST 2019]; root of context hierarchy
2019-07-31 10:49:16,816 [background-preinit] INFO  o.h.v.i.u.Version - HV000001: Hibernate Validator 5.3.6.Final
2019-07-31 10:49:17,610 [main] INFO  o.s.b.c.e.t.TomcatEmbeddedServletContainer - Tomcat initialized with port(s): 6060 (http)
2019-07-31 10:49:17,616 [main] INFO  o.a.c.c.StandardService - Starting service [Tomcat]
2019-07-31 10:49:17,616 [main] INFO  o.a.c.c.StandardEngine - Starting Servlet Engine: Apache Tomcat/8.5.23
2019-07-31 10:49:17,668 [Tomcat-startStop-1] ERROR o.a.c.c.ContainerBase - A child container failed during start
java.lang.NoSuchMethodError: javax.servlet.ServletContext.getVirtualServerName()Ljava/lang/String;
	at org.apache.catalina.authenticator.AuthenticatorBase.startInternal(AuthenticatorBase.java:1141)
	at org.apache.catalina.util.LifecycleBase.start(LifecycleBase.java:150)
	... 10 common frames omitted
Wrapped by: org.apache.catalina.LifecycleException: Failed to start component [org.apache.catalina.authenticator.NonLoginAuthenticator[]]
	at org.apache.catalina.util.LifecycleBase.start(LifecycleBase.java:167)
	at org.apache.catalina.core.StandardPipeline.startInternal(StandardPipeline.java:182)
	at org.apache.catalina.util.LifecycleBase.start(LifecycleBase.java:150)
	... 8 common frames omitted
Wrapped by: org.apache.catalina.LifecycleException: Failed to start component [Pipeline[StandardEngine[Tomcat].StandardHost[localhost].TomcatEmbeddedContext[]]]
	at org.apache.catalina.util.LifecycleBase.start(LifecycleBase.java:167)
	at org.apache.catalina.core.StandardContext.startInternal(StandardContext.java:5117)
	at org.apache.catalina.util.LifecycleBase.start(LifecycleBase.java:150)
	... 6 common frames omitted
Wrapped by: org.apache.catalina.LifecycleException: Failed to start component [StandardEngine[Tomcat].StandardHost[localhost].TomcatEmbeddedContext[]]
	at org.apache.catalina.util.LifecycleBase.start(LifecycleBase.java:167)
	... 6 common frames omitted
Wrapped by: java.util.concurrent.ExecutionException: org.apache.catalina.LifecycleException: Failed to start component [StandardEngine[Tomcat].StandardHost[localhost].TomcatEmbeddedContext[]]
	at java.util.concurrent.FutureTask.report(FutureTask.java:122)
	at java.util.concurrent.FutureTask.get(FutureTask.java:192)
	at org.apache.catalina.core.ContainerBase.startInternal(ContainerBase.java:939)
	at org.apache.catalina.core.StandardHost.startInternal(StandardHost.java:872)
	at org.apache.catalina.util.LifecycleBase.start(LifecycleBase.java:150)
	at org.apache.catalina.core.ContainerBase$StartChild.call(ContainerBase.java:1419)
	at org.apache.catalina.core.ContainerBase$StartChild.call(ContainerBase.java:1409)
	at java.util.concurrent.FutureTask.run(FutureTask.java:266)
	at java.util.concurrent.ThreadPoolExecutor.runWorker(ThreadPoolExecutor.java:1149)
	at java.util.concurrent.ThreadPoolExecutor$Worker.run(ThreadPoolExecutor.java:624)
	at java.lang.Thread.run(Thread.java:748)
2019-07-31 10:49:17,668 [main] ERROR o.a.c.c.ContainerBase - A child container failed during start
org.apache.catalina.LifecycleException: A child container failed during start
	at org.apache.catalina.core.ContainerBase.startInternal(ContainerBase.java:948)
	at org.apache.catalina.core.StandardHost.startInternal(StandardHost.java:872)
	at org.apache.catalina.util.LifecycleBase.start(LifecycleBase.java:150)
	... 6 common frames omitted
Wrapped by: org.apache.catalina.LifecycleException: Failed to start component [StandardEngine[Tomcat].StandardHost[localhost]]
	at org.apache.catalina.util.LifecycleBase.start(LifecycleBase.java:167)
	at org.apache.catalina.core.ContainerBase$StartChild.call(ContainerBase.java:1419)
	at org.apache.catalina.core.ContainerBase$StartChild.call(ContainerBase.java:1409)
	at java.util.concurrent.FutureTask.run(FutureTask.java:266)
	at java.util.concurrent.ThreadPoolExecutor.runWorker(ThreadPoolExecutor.java:1149)
	at java.util.concurrent.ThreadPoolExecutor$Worker.run(ThreadPoolExecutor.java:624)
	at java.lang.Thread.run(Thread.java:748)
Wrapped by: java.util.concurrent.ExecutionException: org.apache.catalina.LifecycleException: Failed to start component [StandardEngine[Tomcat].StandardHost[localhost]]
	at java.util.concurrent.FutureTask.report(FutureTask.java:122)
	at java.util.concurrent.FutureTask.get(FutureTask.java:192)
	at org.apache.catalina.core.ContainerBase.startInternal(ContainerBase.java:939)
	at org.apache.catalina.core.StandardEngine.startInternal(StandardEngine.java:262)
	at org.apache.catalina.util.LifecycleBase.start(LifecycleBase.java:150)
	at org.apache.catalina.core.StandardService.startInternal(StandardService.java:422)
	at org.apache.catalina.util.LifecycleBase.start(LifecycleBase.java:150)
	at org.apache.catalina.core.StandardServer.startInternal(StandardServer.java:793)
	at org.apache.catalina.util.LifecycleBase.start(LifecycleBase.java:150)
	at org.apache.catalina.startup.Tomcat.start(Tomcat.java:367)
	at org.springframework.boot.context.embedded.tomcat.TomcatEmbeddedServletContainer.initialize(TomcatEmbeddedServletContainer.java:99)
	at org.springframework.boot.context.embedded.tomcat.TomcatEmbeddedServletContainer.<init>(TomcatEmbeddedServletContainer.java:84)
	at org.springframework.boot.context.embedded.tomcat.TomcatEmbeddedServletContainerFactory.getTomcatEmbeddedServletContainer(TomcatEmbeddedServletContainerFactory.java:554)
	at org.springframework.boot.context.embedded.tomcat.TomcatEmbeddedServletContainerFactory.getEmbeddedServletContainer(TomcatEmbeddedServletContainerFactory.java:179)
	at org.springframework.boot.context.embedded.EmbeddedWebApplicationContext.createEmbeddedServletContainer(EmbeddedWebApplicationContext.java:164)
	at org.springframework.boot.context.embedded.EmbeddedWebApplicationContext.onRefresh(EmbeddedWebApplicationContext.java:134)
	at org.springframework.context.support.AbstractApplicationContext.refresh(AbstractApplicationContext.java:537)
	at org.springframework.boot.context.embedded.EmbeddedWebApplicationContext.refresh(EmbeddedWebApplicationContext.java:122)
	at org.springframework.boot.SpringApplication.refresh(SpringApplication.java:693)
	at org.springframework.boot.SpringApplication.refreshContext(SpringApplication.java:360)
	at org.springframework.boot.SpringApplication.run(SpringApplication.java:303)
	at com.alibaba.jstorm.ui.JstormUiApplication.main(JstormUiApplication.java:12)
2019-07-31 10:49:17,669 [main] WARN  o.s.b.c.e.AnnotationConfigEmbeddedWebApplicationContext - Exception encountered during context initialization - cancelling refresh attempt: org.springframework.context.ApplicationContextException: Unable to start embedded container; nested exception is org.springframework.boot.context.embedded.EmbeddedServletContainerException: Unable to start embedded Tomcat
2019-07-31 10:49:17,674 [main] INFO  o.s.b.a.l.AutoConfigurationReportLoggingInitializer - 

Error starting ApplicationContext. To display the auto-configuration report re-run your application with 'debug' enabled.
2019-07-31 10:49:17,677 [main] ERROR o.s.b.SpringApplication - Application startup failed
org.apache.catalina.LifecycleException: A child container failed during start
	at org.apache.catalina.core.ContainerBase.startInternal(ContainerBase.java:948)
	at org.apache.catalina.core.StandardEngine.startInternal(StandardEngine.java:262)
	at org.apache.catalina.util.LifecycleBase.start(LifecycleBase.java:150)
	... 17 common frames omitted
Wrapped by: org.apache.catalina.LifecycleException: Failed to start component [StandardEngine[Tomcat]]
	at org.apache.catalina.util.LifecycleBase.start(LifecycleBase.java:167)
	at org.apache.catalina.core.StandardService.startInternal(StandardService.java:422)
	at org.apache.catalina.util.LifecycleBase.start(LifecycleBase.java:150)
	... 15 common frames omitted
Wrapped by: org.apache.catalina.LifecycleException: Failed to start component [StandardService[Tomcat]]
	at org.apache.catalina.util.LifecycleBase.start(LifecycleBase.java:167)
	at org.apache.catalina.core.StandardServer.startInternal(StandardServer.java:793)
	at org.apache.catalina.util.LifecycleBase.start(LifecycleBase.java:150)
	... 13 common frames omitted
Wrapped by: org.apache.catalina.LifecycleException: Failed to start component [StandardServer[-1]]
	at org.apache.catalina.util.LifecycleBase.start(LifecycleBase.java:167)
	at org.apache.catalina.startup.Tomcat.start(Tomcat.java:367)
	at org.springframework.boot.context.embedded.tomcat.TomcatEmbeddedServletContainer.initialize(TomcatEmbeddedServletContainer.java:99)
	... 11 common frames omitted
Wrapped by: org.springframework.boot.context.embedded.EmbeddedServletContainerException: Unable to start embedded Tomcat
	at org.springframework.boot.context.embedded.tomcat.TomcatEmbeddedServletContainer.initialize(TomcatEmbeddedServletContainer.java:123)
	at org.springframework.boot.context.embedded.tomcat.TomcatEmbeddedServletContainer.<init>(TomcatEmbeddedServletContainer.java:84)
	at org.springframework.boot.context.embedded.tomcat.TomcatEmbeddedServletContainerFactory.getTomcatEmbeddedServletContainer(TomcatEmbeddedServletContainerFactory.java:554)
	at org.springframework.boot.context.embedded.tomcat.TomcatEmbeddedServletContainerFactory.getEmbeddedServletContainer(TomcatEmbeddedServletContainerFactory.java:179)
	at org.springframework.boot.context.embedded.EmbeddedWebApplicationContext.createEmbeddedServletContainer(EmbeddedWebApplicationContext.java:164)
	at org.springframework.boot.context.embedded.EmbeddedWebApplicationContext.onRefresh(EmbeddedWebApplicationContext.java:134)
	... 6 common frames omitted
Wrapped by: org.springframework.context.ApplicationContextException: Unable to start embedded container; nested exception is org.springframework.boot.context.embedded.EmbeddedServletContainerException: Unable to start embedded Tomcat
	at org.springframework.boot.context.embedded.EmbeddedWebApplicationContext.onRefresh(EmbeddedWebApplicationContext.java:137)
	at org.springframework.context.support.AbstractApplicationContext.refresh(AbstractApplicationContext.java:537)
	at org.springframework.boot.context.embedded.EmbeddedWebApplicationContext.refresh(EmbeddedWebApplicationContext.java:122)
	at org.springframework.boot.SpringApplication.refresh(SpringApplication.java:693)
	at org.springframework.boot.SpringApplication.refreshContext(SpringApplication.java:360)
	at org.springframework.boot.SpringApplication.run(SpringApplication.java:303)
	at com.alibaba.jstorm.ui.JstormUiApplication.main(JstormUiApplication.java:12)
2019-07-31 10:50:20,332 [main] INFO  c.a.j.u.JstormUiApplication - Starting JstormUiApplication on zanhonglei with PID 152552 (F:\workspace\pmi2\jstorm\jstorm-ui-boot\target\classes started by zhl in F:\workspace\pmi2\jstorm\jstorm-ui-boot)
2019-07-31 10:50:20,334 [main] INFO  c.a.j.u.JstormUiApplication - The following profiles are active: dev
2019-07-31 10:50:20,371 [main] INFO  o.s.b.c.e.AnnotationConfigEmbeddedWebApplicationContext - Refreshing org.springframework.boot.context.embedded.AnnotationConfigEmbeddedWebApplicationContext@4df50bcc: startup date [Wed Jul 31 10:50:20 CST 2019]; root of context hierarchy
2019-07-31 10:50:20,466 [background-preinit] INFO  o.h.v.i.u.Version - HV000001: Hibernate Validator 5.3.6.Final
2019-07-31 10:50:21,436 [main] INFO  o.s.b.c.e.t.TomcatEmbeddedServletContainer - Tomcat initialized with port(s): 6060 (http)
2019-07-31 10:50:21,443 [main] INFO  o.a.c.c.StandardService - Starting service [Tomcat]
2019-07-31 10:50:21,444 [main] INFO  o.a.c.c.StandardEngine - Starting Servlet Engine: Apache Tomcat/8.5.23
2019-07-31 10:50:21,494 [Tomcat-startStop-1] ERROR o.a.c.c.ContainerBase - A child container failed during start
java.lang.NoSuchMethodError: javax.servlet.ServletContext.getVirtualServerName()Ljava/lang/String;
	at org.apache.catalina.authenticator.AuthenticatorBase.startInternal(AuthenticatorBase.java:1141)
	at org.apache.catalina.util.LifecycleBase.start(LifecycleBase.java:150)
	... 10 common frames omitted
Wrapped by: org.apache.catalina.LifecycleException: Failed to start component [org.apache.catalina.authenticator.NonLoginAuthenticator[]]
	at org.apache.catalina.util.LifecycleBase.start(LifecycleBase.java:167)
	at org.apache.catalina.core.StandardPipeline.startInternal(StandardPipeline.java:182)
	at org.apache.catalina.util.LifecycleBase.start(LifecycleBase.java:150)
	... 8 common frames omitted
Wrapped by: org.apache.catalina.LifecycleException: Failed to start component [Pipeline[StandardEngine[Tomcat].StandardHost[localhost].TomcatEmbeddedContext[]]]
	at org.apache.catalina.util.LifecycleBase.start(LifecycleBase.java:167)
	at org.apache.catalina.core.StandardContext.startInternal(StandardContext.java:5117)
	at org.apache.catalina.util.LifecycleBase.start(LifecycleBase.java:150)
	... 6 common frames omitted
Wrapped by: org.apache.catalina.LifecycleException: Failed to start component [StandardEngine[Tomcat].StandardHost[localhost].TomcatEmbeddedContext[]]
	at org.apache.catalina.util.LifecycleBase.start(LifecycleBase.java:167)
	... 6 common frames omitted
Wrapped by: java.util.concurrent.ExecutionException: org.apache.catalina.LifecycleException: Failed to start component [StandardEngine[Tomcat].StandardHost[localhost].TomcatEmbeddedContext[]]
	at java.util.concurrent.FutureTask.report(FutureTask.java:122)
	at java.util.concurrent.FutureTask.get(FutureTask.java:192)
	at org.apache.catalina.core.ContainerBase.startInternal(ContainerBase.java:939)
	at org.apache.catalina.core.StandardHost.startInternal(StandardHost.java:872)
	at org.apache.catalina.util.LifecycleBase.start(LifecycleBase.java:150)
	at org.apache.catalina.core.ContainerBase$StartChild.call(ContainerBase.java:1419)
	at org.apache.catalina.core.ContainerBase$StartChild.call(ContainerBase.java:1409)
	at java.util.concurrent.FutureTask.run(FutureTask.java:266)
	at java.util.concurrent.ThreadPoolExecutor.runWorker(ThreadPoolExecutor.java:1149)
	at java.util.concurrent.ThreadPoolExecutor$Worker.run(ThreadPoolExecutor.java:624)
	at java.lang.Thread.run(Thread.java:748)
2019-07-31 10:50:21,494 [main] ERROR o.a.c.c.ContainerBase - A child container failed during start
org.apache.catalina.LifecycleException: A child container failed during start
	at org.apache.catalina.core.ContainerBase.startInternal(ContainerBase.java:948)
	at org.apache.catalina.core.StandardHost.startInternal(StandardHost.java:872)
	at org.apache.catalina.util.LifecycleBase.start(LifecycleBase.java:150)
	... 6 common frames omitted
Wrapped by: org.apache.catalina.LifecycleException: Failed to start component [StandardEngine[Tomcat].StandardHost[localhost]]
	at org.apache.catalina.util.LifecycleBase.start(LifecycleBase.java:167)
	at org.apache.catalina.core.ContainerBase$StartChild.call(ContainerBase.java:1419)
	at org.apache.catalina.core.ContainerBase$StartChild.call(ContainerBase.java:1409)
	at java.util.concurrent.FutureTask.run(FutureTask.java:266)
	at java.util.concurrent.ThreadPoolExecutor.runWorker(ThreadPoolExecutor.java:1149)
	at java.util.concurrent.ThreadPoolExecutor$Worker.run(ThreadPoolExecutor.java:624)
	at java.lang.Thread.run(Thread.java:748)
Wrapped by: java.util.concurrent.ExecutionException: org.apache.catalina.LifecycleException: Failed to start component [StandardEngine[Tomcat].StandardHost[localhost]]
	at java.util.concurrent.FutureTask.report(FutureTask.java:122)
	at java.util.concurrent.FutureTask.get(FutureTask.java:192)
	at org.apache.catalina.core.ContainerBase.startInternal(ContainerBase.java:939)
	at org.apache.catalina.core.StandardEngine.startInternal(StandardEngine.java:262)
	at org.apache.catalina.util.LifecycleBase.start(LifecycleBase.java:150)
	at org.apache.catalina.core.StandardService.startInternal(StandardService.java:422)
	at org.apache.catalina.util.LifecycleBase.start(LifecycleBase.java:150)
	at org.apache.catalina.core.StandardServer.startInternal(StandardServer.java:793)
	at org.apache.catalina.util.LifecycleBase.start(LifecycleBase.java:150)
	at org.apache.catalina.startup.Tomcat.start(Tomcat.java:367)
	at org.springframework.boot.context.embedded.tomcat.TomcatEmbeddedServletContainer.initialize(TomcatEmbeddedServletContainer.java:99)
	at org.springframework.boot.context.embedded.tomcat.TomcatEmbeddedServletContainer.<init>(TomcatEmbeddedServletContainer.java:84)
	at org.springframework.boot.context.embedded.tomcat.TomcatEmbeddedServletContainerFactory.getTomcatEmbeddedServletContainer(TomcatEmbeddedServletContainerFactory.java:554)
	at org.springframework.boot.context.embedded.tomcat.TomcatEmbeddedServletContainerFactory.getEmbeddedServletContainer(TomcatEmbeddedServletContainerFactory.java:179)
	at org.springframework.boot.context.embedded.EmbeddedWebApplicationContext.createEmbeddedServletContainer(EmbeddedWebApplicationContext.java:164)
	at org.springframework.boot.context.embedded.EmbeddedWebApplicationContext.onRefresh(EmbeddedWebApplicationContext.java:134)
	at org.springframework.context.support.AbstractApplicationContext.refresh(AbstractApplicationContext.java:537)
	at org.springframework.boot.context.embedded.EmbeddedWebApplicationContext.refresh(EmbeddedWebApplicationContext.java:122)
	at org.springframework.boot.SpringApplication.refresh(SpringApplication.java:693)
	at org.springframework.boot.SpringApplication.refreshContext(SpringApplication.java:360)
	at org.springframework.boot.SpringApplication.run(SpringApplication.java:303)
	at com.alibaba.jstorm.ui.JstormUiApplication.main(JstormUiApplication.java:12)
2019-07-31 10:50:21,495 [main] WARN  o.s.b.c.e.AnnotationConfigEmbeddedWebApplicationContext - Exception encountered during context initialization - cancelling refresh attempt: org.springframework.context.ApplicationContextException: Unable to start embedded container; nested exception is org.springframework.boot.context.embedded.EmbeddedServletContainerException: Unable to start embedded Tomcat
2019-07-31 10:50:21,499 [main] INFO  o.s.b.a.l.AutoConfigurationReportLoggingInitializer - 

Error starting ApplicationContext. To display the auto-configuration report re-run your application with 'debug' enabled.
2019-07-31 10:50:21,503 [main] ERROR o.s.b.SpringApplication - Application startup failed
org.apache.catalina.LifecycleException: A child container failed during start
	at org.apache.catalina.core.ContainerBase.startInternal(ContainerBase.java:948)
	at org.apache.catalina.core.StandardEngine.startInternal(StandardEngine.java:262)
	at org.apache.catalina.util.LifecycleBase.start(LifecycleBase.java:150)
	... 17 common frames omitted
Wrapped by: org.apache.catalina.LifecycleException: Failed to start component [StandardEngine[Tomcat]]
	at org.apache.catalina.util.LifecycleBase.start(LifecycleBase.java:167)
	at org.apache.catalina.core.StandardService.startInternal(StandardService.java:422)
	at org.apache.catalina.util.LifecycleBase.start(LifecycleBase.java:150)
	... 15 common frames omitted
Wrapped by: org.apache.catalina.LifecycleException: Failed to start component [StandardService[Tomcat]]
	at org.apache.catalina.util.LifecycleBase.start(LifecycleBase.java:167)
	at org.apache.catalina.core.StandardServer.startInternal(StandardServer.java:793)
	at org.apache.catalina.util.LifecycleBase.start(LifecycleBase.java:150)
	... 13 common frames omitted
Wrapped by: org.apache.catalina.LifecycleException: Failed to start component [StandardServer[-1]]
	at org.apache.catalina.util.LifecycleBase.start(LifecycleBase.java:167)
	at org.apache.catalina.startup.Tomcat.start(Tomcat.java:367)
	at org.springframework.boot.context.embedded.tomcat.TomcatEmbeddedServletContainer.initialize(TomcatEmbeddedServletContainer.java:99)
	... 11 common frames omitted
Wrapped by: org.springframework.boot.context.embedded.EmbeddedServletContainerException: Unable to start embedded Tomcat
	at org.springframework.boot.context.embedded.tomcat.TomcatEmbeddedServletContainer.initialize(TomcatEmbeddedServletContainer.java:123)
	at org.springframework.boot.context.embedded.tomcat.TomcatEmbeddedServletContainer.<init>(TomcatEmbeddedServletContainer.java:84)
	at org.springframework.boot.context.embedded.tomcat.TomcatEmbeddedServletContainerFactory.getTomcatEmbeddedServletContainer(TomcatEmbeddedServletContainerFactory.java:554)
	at org.springframework.boot.context.embedded.tomcat.TomcatEmbeddedServletContainerFactory.getEmbeddedServletContainer(TomcatEmbeddedServletContainerFactory.java:179)
	at org.springframework.boot.context.embedded.EmbeddedWebApplicationContext.createEmbeddedServletContainer(EmbeddedWebApplicationContext.java:164)
	at org.springframework.boot.context.embedded.EmbeddedWebApplicationContext.onRefresh(EmbeddedWebApplicationContext.java:134)
	... 6 common frames omitted
Wrapped by: org.springframework.context.ApplicationContextException: Unable to start embedded container; nested exception is org.springframework.boot.context.embedded.EmbeddedServletContainerException: Unable to start embedded Tomcat
	at org.springframework.boot.context.embedded.EmbeddedWebApplicationContext.onRefresh(EmbeddedWebApplicationContext.java:137)
	at org.springframework.context.support.AbstractApplicationContext.refresh(AbstractApplicationContext.java:537)
	at org.springframework.boot.context.embedded.EmbeddedWebApplicationContext.refresh(EmbeddedWebApplicationContext.java:122)
	at org.springframework.boot.SpringApplication.refresh(SpringApplication.java:693)
	at org.springframework.boot.SpringApplication.refreshContext(SpringApplication.java:360)
	at org.springframework.boot.SpringApplication.run(SpringApplication.java:303)
	at com.alibaba.jstorm.ui.JstormUiApplication.main(JstormUiApplication.java:12)
2019-07-31 10:57:08,378 [main] INFO  c.a.j.u.JstormUiApplication - Starting JstormUiApplication on zanhonglei with PID 158036 (F:\workspace\pmi2\jstorm\jstorm-ui-boot\target\classes started by zhl in F:\workspace\pmi2\jstorm\jstorm-ui-boot)
2019-07-31 10:57:08,379 [main] INFO  c.a.j.u.JstormUiApplication - The following profiles are active: dev
2019-07-31 10:57:08,417 [main] INFO  o.s.b.c.e.AnnotationConfigEmbeddedWebApplicationContext - Refreshing org.springframework.boot.context.embedded.AnnotationConfigEmbeddedWebApplicationContext@4df50bcc: startup date [Wed Jul 31 10:57:08 CST 2019]; root of context hierarchy
2019-07-31 10:57:08,550 [background-preinit] INFO  o.h.v.i.u.Version - HV000001: Hibernate Validator 5.3.6.Final
2019-07-31 10:57:09,530 [main] INFO  o.s.b.c.e.t.TomcatEmbeddedServletContainer - Tomcat initialized with port(s): 6060 (http)
2019-07-31 10:57:09,536 [main] INFO  o.a.c.c.StandardService - Starting service [Tomcat]
2019-07-31 10:57:09,536 [main] INFO  o.a.c.c.StandardEngine - Starting Servlet Engine: Apache Tomcat/8.5.23
2019-07-31 10:57:09,586 [Tomcat-startStop-1] ERROR o.a.c.c.ContainerBase - A child container failed during start
java.lang.NoSuchMethodError: javax.servlet.ServletContext.getVirtualServerName()Ljava/lang/String;
	at org.apache.catalina.authenticator.AuthenticatorBase.startInternal(AuthenticatorBase.java:1141)
	at org.apache.catalina.util.LifecycleBase.start(LifecycleBase.java:150)
	... 10 common frames omitted
Wrapped by: org.apache.catalina.LifecycleException: Failed to start component [org.apache.catalina.authenticator.NonLoginAuthenticator[]]
	at org.apache.catalina.util.LifecycleBase.start(LifecycleBase.java:167)
	at org.apache.catalina.core.StandardPipeline.startInternal(StandardPipeline.java:182)
	at org.apache.catalina.util.LifecycleBase.start(LifecycleBase.java:150)
	... 8 common frames omitted
Wrapped by: org.apache.catalina.LifecycleException: Failed to start component [Pipeline[StandardEngine[Tomcat].StandardHost[localhost].TomcatEmbeddedContext[]]]
	at org.apache.catalina.util.LifecycleBase.start(LifecycleBase.java:167)
	at org.apache.catalina.core.StandardContext.startInternal(StandardContext.java:5117)
	at org.apache.catalina.util.LifecycleBase.start(LifecycleBase.java:150)
	... 6 common frames omitted
Wrapped by: org.apache.catalina.LifecycleException: Failed to start component [StandardEngine[Tomcat].StandardHost[localhost].TomcatEmbeddedContext[]]
	at org.apache.catalina.util.LifecycleBase.start(LifecycleBase.java:167)
	... 6 common frames omitted
Wrapped by: java.util.concurrent.ExecutionException: org.apache.catalina.LifecycleException: Failed to start component [StandardEngine[Tomcat].StandardHost[localhost].TomcatEmbeddedContext[]]
	at java.util.concurrent.FutureTask.report(FutureTask.java:122)
	at java.util.concurrent.FutureTask.get(FutureTask.java:192)
	at org.apache.catalina.core.ContainerBase.startInternal(ContainerBase.java:939)
	at org.apache.catalina.core.StandardHost.startInternal(StandardHost.java:872)
	at org.apache.catalina.util.LifecycleBase.start(LifecycleBase.java:150)
	at org.apache.catalina.core.ContainerBase$StartChild.call(ContainerBase.java:1419)
	at org.apache.catalina.core.ContainerBase$StartChild.call(ContainerBase.java:1409)
	at java.util.concurrent.FutureTask.run(FutureTask.java:266)
	at java.util.concurrent.ThreadPoolExecutor.runWorker(ThreadPoolExecutor.java:1149)
	at java.util.concurrent.ThreadPoolExecutor$Worker.run(ThreadPoolExecutor.java:624)
	at java.lang.Thread.run(Thread.java:748)
2019-07-31 10:57:09,586 [main] ERROR o.a.c.c.ContainerBase - A child container failed during start
org.apache.catalina.LifecycleException: A child container failed during start
	at org.apache.catalina.core.ContainerBase.startInternal(ContainerBase.java:948)
	at org.apache.catalina.core.StandardHost.startInternal(StandardHost.java:872)
	at org.apache.catalina.util.LifecycleBase.start(LifecycleBase.java:150)
	... 6 common frames omitted
Wrapped by: org.apache.catalina.LifecycleException: Failed to start component [StandardEngine[Tomcat].StandardHost[localhost]]
	at org.apache.catalina.util.LifecycleBase.start(LifecycleBase.java:167)
	at org.apache.catalina.core.ContainerBase$StartChild.call(ContainerBase.java:1419)
	at org.apache.catalina.core.ContainerBase$StartChild.call(ContainerBase.java:1409)
	at java.util.concurrent.FutureTask.run(FutureTask.java:266)
	at java.util.concurrent.ThreadPoolExecutor.runWorker(ThreadPoolExecutor.java:1149)
	at java.util.concurrent.ThreadPoolExecutor$Worker.run(ThreadPoolExecutor.java:624)
	at java.lang.Thread.run(Thread.java:748)
Wrapped by: java.util.concurrent.ExecutionException: org.apache.catalina.LifecycleException: Failed to start component [StandardEngine[Tomcat].StandardHost[localhost]]
	at java.util.concurrent.FutureTask.report(FutureTask.java:122)
	at java.util.concurrent.FutureTask.get(FutureTask.java:192)
	at org.apache.catalina.core.ContainerBase.startInternal(ContainerBase.java:939)
	at org.apache.catalina.core.StandardEngine.startInternal(StandardEngine.java:262)
	at org.apache.catalina.util.LifecycleBase.start(LifecycleBase.java:150)
	at org.apache.catalina.core.StandardService.startInternal(StandardService.java:422)
	at org.apache.catalina.util.LifecycleBase.start(LifecycleBase.java:150)
	at org.apache.catalina.core.StandardServer.startInternal(StandardServer.java:793)
	at org.apache.catalina.util.LifecycleBase.start(LifecycleBase.java:150)
	at org.apache.catalina.startup.Tomcat.start(Tomcat.java:367)
	at org.springframework.boot.context.embedded.tomcat.TomcatEmbeddedServletContainer.initialize(TomcatEmbeddedServletContainer.java:99)
	at org.springframework.boot.context.embedded.tomcat.TomcatEmbeddedServletContainer.<init>(TomcatEmbeddedServletContainer.java:84)
	at org.springframework.boot.context.embedded.tomcat.TomcatEmbeddedServletContainerFactory.getTomcatEmbeddedServletContainer(TomcatEmbeddedServletContainerFactory.java:554)
	at org.springframework.boot.context.embedded.tomcat.TomcatEmbeddedServletContainerFactory.getEmbeddedServletContainer(TomcatEmbeddedServletContainerFactory.java:179)
	at org.springframework.boot.context.embedded.EmbeddedWebApplicationContext.createEmbeddedServletContainer(EmbeddedWebApplicationContext.java:164)
	at org.springframework.boot.context.embedded.EmbeddedWebApplicationContext.onRefresh(EmbeddedWebApplicationContext.java:134)
	at org.springframework.context.support.AbstractApplicationContext.refresh(AbstractApplicationContext.java:537)
	at org.springframework.boot.context.embedded.EmbeddedWebApplicationContext.refresh(EmbeddedWebApplicationContext.java:122)
	at org.springframework.boot.SpringApplication.refresh(SpringApplication.java:693)
	at org.springframework.boot.SpringApplication.refreshContext(SpringApplication.java:360)
	at org.springframework.boot.SpringApplication.run(SpringApplication.java:303)
	at com.alibaba.jstorm.ui.JstormUiApplication.main(JstormUiApplication.java:12)
2019-07-31 10:57:09,587 [main] WARN  o.s.b.c.e.AnnotationConfigEmbeddedWebApplicationContext - Exception encountered during context initialization - cancelling refresh attempt: org.springframework.context.ApplicationContextException: Unable to start embedded container; nested exception is org.springframework.boot.context.embedded.EmbeddedServletContainerException: Unable to start embedded Tomcat
2019-07-31 10:57:09,591 [main] INFO  o.s.b.a.l.AutoConfigurationReportLoggingInitializer - 

Error starting ApplicationContext. To display the auto-configuration report re-run your application with 'debug' enabled.
2019-07-31 10:57:09,594 [main] ERROR o.s.b.SpringApplication - Application startup failed
org.apache.catalina.LifecycleException: A child container failed during start
	at org.apache.catalina.core.ContainerBase.startInternal(ContainerBase.java:948)
	at org.apache.catalina.core.StandardEngine.startInternal(StandardEngine.java:262)
	at org.apache.catalina.util.LifecycleBase.start(LifecycleBase.java:150)
	... 17 common frames omitted
Wrapped by: org.apache.catalina.LifecycleException: Failed to start component [StandardEngine[Tomcat]]
	at org.apache.catalina.util.LifecycleBase.start(LifecycleBase.java:167)
	at org.apache.catalina.core.StandardService.startInternal(StandardService.java:422)
	at org.apache.catalina.util.LifecycleBase.start(LifecycleBase.java:150)
	... 15 common frames omitted
Wrapped by: org.apache.catalina.LifecycleException: Failed to start component [StandardService[Tomcat]]
	at org.apache.catalina.util.LifecycleBase.start(LifecycleBase.java:167)
	at org.apache.catalina.core.StandardServer.startInternal(StandardServer.java:793)
	at org.apache.catalina.util.LifecycleBase.start(LifecycleBase.java:150)
	... 13 common frames omitted
Wrapped by: org.apache.catalina.LifecycleException: Failed to start component [StandardServer[-1]]
	at org.apache.catalina.util.LifecycleBase.start(LifecycleBase.java:167)
	at org.apache.catalina.startup.Tomcat.start(Tomcat.java:367)
	at org.springframework.boot.context.embedded.tomcat.TomcatEmbeddedServletContainer.initialize(TomcatEmbeddedServletContainer.java:99)
	... 11 common frames omitted
Wrapped by: org.springframework.boot.context.embedded.EmbeddedServletContainerException: Unable to start embedded Tomcat
	at org.springframework.boot.context.embedded.tomcat.TomcatEmbeddedServletContainer.initialize(TomcatEmbeddedServletContainer.java:123)
	at org.springframework.boot.context.embedded.tomcat.TomcatEmbeddedServletContainer.<init>(TomcatEmbeddedServletContainer.java:84)
	at org.springframework.boot.context.embedded.tomcat.TomcatEmbeddedServletContainerFactory.getTomcatEmbeddedServletContainer(TomcatEmbeddedServletContainerFactory.java:554)
	at org.springframework.boot.context.embedded.tomcat.TomcatEmbeddedServletContainerFactory.getEmbeddedServletContainer(TomcatEmbeddedServletContainerFactory.java:179)
	at org.springframework.boot.context.embedded.EmbeddedWebApplicationContext.createEmbeddedServletContainer(EmbeddedWebApplicationContext.java:164)
	at org.springframework.boot.context.embedded.EmbeddedWebApplicationContext.onRefresh(EmbeddedWebApplicationContext.java:134)
	... 6 common frames omitted
Wrapped by: org.springframework.context.ApplicationContextException: Unable to start embedded container; nested exception is org.springframework.boot.context.embedded.EmbeddedServletContainerException: Unable to start embedded Tomcat
	at org.springframework.boot.context.embedded.EmbeddedWebApplicationContext.onRefresh(EmbeddedWebApplicationContext.java:137)
	at org.springframework.context.support.AbstractApplicationContext.refresh(AbstractApplicationContext.java:537)
	at org.springframework.boot.context.embedded.EmbeddedWebApplicationContext.refresh(EmbeddedWebApplicationContext.java:122)
	at org.springframework.boot.SpringApplication.refresh(SpringApplication.java:693)
	at org.springframework.boot.SpringApplication.refreshContext(SpringApplication.java:360)
	at org.springframework.boot.SpringApplication.run(SpringApplication.java:303)
	at com.alibaba.jstorm.ui.JstormUiApplication.main(JstormUiApplication.java:12)
2019-07-31 10:58:45,389 [main] INFO  c.a.j.u.JstormUiApplication - Starting JstormUiApplication on zanhonglei with PID 159516 (F:\workspace\pmi2\jstorm\jstorm-ui-boot\target\classes started by zhl in F:\workspace\pmi2\jstorm\jstorm-ui-boot)
2019-07-31 10:58:45,391 [main] INFO  c.a.j.u.JstormUiApplication - The following profiles are active: dev
2019-07-31 10:58:45,421 [main] INFO  o.s.b.c.e.AnnotationConfigEmbeddedWebApplicationContext - Refreshing org.springframework.boot.context.embedded.AnnotationConfigEmbeddedWebApplicationContext@4df50bcc: startup date [Wed Jul 31 10:58:45 CST 2019]; root of context hierarchy
2019-07-31 10:58:45,619 [background-preinit] INFO  o.h.v.i.u.Version - HV000001: Hibernate Validator 5.3.6.Final
2019-07-31 10:58:46,558 [main] INFO  o.s.b.c.e.t.TomcatEmbeddedServletContainer - Tomcat initialized with port(s): 6060 (http)
2019-07-31 10:58:46,565 [main] INFO  o.a.c.c.StandardService - Starting service [Tomcat]
2019-07-31 10:58:46,565 [main] INFO  o.a.c.c.StandardEngine - Starting Servlet Engine: Apache Tomcat/8.5.23
2019-07-31 10:58:46,620 [Tomcat-startStop-1] ERROR o.a.c.c.ContainerBase - A child container failed during start
java.lang.NoSuchMethodError: javax.servlet.ServletContext.getVirtualServerName()Ljava/lang/String;
	at org.apache.catalina.authenticator.AuthenticatorBase.startInternal(AuthenticatorBase.java:1141)
	at org.apache.catalina.util.LifecycleBase.start(LifecycleBase.java:150)
	... 10 common frames omitted
Wrapped by: org.apache.catalina.LifecycleException: Failed to start component [org.apache.catalina.authenticator.NonLoginAuthenticator[]]
	at org.apache.catalina.util.LifecycleBase.start(LifecycleBase.java:167)
	at org.apache.catalina.core.StandardPipeline.startInternal(StandardPipeline.java:182)
	at org.apache.catalina.util.LifecycleBase.start(LifecycleBase.java:150)
	... 8 common frames omitted
Wrapped by: org.apache.catalina.LifecycleException: Failed to start component [Pipeline[StandardEngine[Tomcat].StandardHost[localhost].TomcatEmbeddedContext[]]]
	at org.apache.catalina.util.LifecycleBase.start(LifecycleBase.java:167)
	at org.apache.catalina.core.StandardContext.startInternal(StandardContext.java:5117)
	at org.apache.catalina.util.LifecycleBase.start(LifecycleBase.java:150)
	... 6 common frames omitted
Wrapped by: org.apache.catalina.LifecycleException: Failed to start component [StandardEngine[Tomcat].StandardHost[localhost].TomcatEmbeddedContext[]]
	at org.apache.catalina.util.LifecycleBase.start(LifecycleBase.java:167)
	... 6 common frames omitted
Wrapped by: java.util.concurrent.ExecutionException: org.apache.catalina.LifecycleException: Failed to start component [StandardEngine[Tomcat].StandardHost[localhost].TomcatEmbeddedContext[]]
	at java.util.concurrent.FutureTask.report(FutureTask.java:122)
	at java.util.concurrent.FutureTask.get(FutureTask.java:192)
	at org.apache.catalina.core.ContainerBase.startInternal(ContainerBase.java:939)
	at org.apache.catalina.core.StandardHost.startInternal(StandardHost.java:872)
	at org.apache.catalina.util.LifecycleBase.start(LifecycleBase.java:150)
	at org.apache.catalina.core.ContainerBase$StartChild.call(ContainerBase.java:1419)
	at org.apache.catalina.core.ContainerBase$StartChild.call(ContainerBase.java:1409)
	at java.util.concurrent.FutureTask.run(FutureTask.java:266)
	at java.util.concurrent.ThreadPoolExecutor.runWorker(ThreadPoolExecutor.java:1149)
	at java.util.concurrent.ThreadPoolExecutor$Worker.run(ThreadPoolExecutor.java:624)
	at java.lang.Thread.run(Thread.java:748)
2019-07-31 10:58:46,621 [main] ERROR o.a.c.c.ContainerBase - A child container failed during start
org.apache.catalina.LifecycleException: A child container failed during start
	at org.apache.catalina.core.ContainerBase.startInternal(ContainerBase.java:948)
	at org.apache.catalina.core.StandardHost.startInternal(StandardHost.java:872)
	at org.apache.catalina.util.LifecycleBase.start(LifecycleBase.java:150)
	... 6 common frames omitted
Wrapped by: org.apache.catalina.LifecycleException: Failed to start component [StandardEngine[Tomcat].StandardHost[localhost]]
	at org.apache.catalina.util.LifecycleBase.start(LifecycleBase.java:167)
	at org.apache.catalina.core.ContainerBase$StartChild.call(ContainerBase.java:1419)
	at org.apache.catalina.core.ContainerBase$StartChild.call(ContainerBase.java:1409)
	at java.util.concurrent.FutureTask.run(FutureTask.java:266)
	at java.util.concurrent.ThreadPoolExecutor.runWorker(ThreadPoolExecutor.java:1149)
	at java.util.concurrent.ThreadPoolExecutor$Worker.run(ThreadPoolExecutor.java:624)
	at java.lang.Thread.run(Thread.java:748)
Wrapped by: java.util.concurrent.ExecutionException: org.apache.catalina.LifecycleException: Failed to start component [StandardEngine[Tomcat].StandardHost[localhost]]
	at java.util.concurrent.FutureTask.report(FutureTask.java:122)
	at java.util.concurrent.FutureTask.get(FutureTask.java:192)
	at org.apache.catalina.core.ContainerBase.startInternal(ContainerBase.java:939)
	at org.apache.catalina.core.StandardEngine.startInternal(StandardEngine.java:262)
	at org.apache.catalina.util.LifecycleBase.start(LifecycleBase.java:150)
	at org.apache.catalina.core.StandardService.startInternal(StandardService.java:422)
	at org.apache.catalina.util.LifecycleBase.start(LifecycleBase.java:150)
	at org.apache.catalina.core.StandardServer.startInternal(StandardServer.java:793)
	at org.apache.catalina.util.LifecycleBase.start(LifecycleBase.java:150)
	at org.apache.catalina.startup.Tomcat.start(Tomcat.java:367)
	at org.springframework.boot.context.embedded.tomcat.TomcatEmbeddedServletContainer.initialize(TomcatEmbeddedServletContainer.java:99)
	at org.springframework.boot.context.embedded.tomcat.TomcatEmbeddedServletContainer.<init>(TomcatEmbeddedServletContainer.java:84)
	at org.springframework.boot.context.embedded.tomcat.TomcatEmbeddedServletContainerFactory.getTomcatEmbeddedServletContainer(TomcatEmbeddedServletContainerFactory.java:554)
	at org.springframework.boot.context.embedded.tomcat.TomcatEmbeddedServletContainerFactory.getEmbeddedServletContainer(TomcatEmbeddedServletContainerFactory.java:179)
	at org.springframework.boot.context.embedded.EmbeddedWebApplicationContext.createEmbeddedServletContainer(EmbeddedWebApplicationContext.java:164)
	at org.springframework.boot.context.embedded.EmbeddedWebApplicationContext.onRefresh(EmbeddedWebApplicationContext.java:134)
	at org.springframework.context.support.AbstractApplicationContext.refresh(AbstractApplicationContext.java:537)
	at org.springframework.boot.context.embedded.EmbeddedWebApplicationContext.refresh(EmbeddedWebApplicationContext.java:122)
	at org.springframework.boot.SpringApplication.refresh(SpringApplication.java:693)
	at org.springframework.boot.SpringApplication.refreshContext(SpringApplication.java:360)
	at org.springframework.boot.SpringApplication.run(SpringApplication.java:303)
	at com.alibaba.jstorm.ui.JstormUiApplication.main(JstormUiApplication.java:12)
2019-07-31 10:58:46,621 [main] WARN  o.s.b.c.e.AnnotationConfigEmbeddedWebApplicationContext - Exception encountered during context initialization - cancelling refresh attempt: org.springframework.context.ApplicationContextException: Unable to start embedded container; nested exception is org.springframework.boot.context.embedded.EmbeddedServletContainerException: Unable to start embedded Tomcat
2019-07-31 10:58:46,626 [main] INFO  o.s.b.a.l.AutoConfigurationReportLoggingInitializer - 

Error starting ApplicationContext. To display the auto-configuration report re-run your application with 'debug' enabled.
2019-07-31 10:58:46,631 [main] ERROR o.s.b.SpringApplication - Application startup failed
org.apache.catalina.LifecycleException: A child container failed during start
	at org.apache.catalina.core.ContainerBase.startInternal(ContainerBase.java:948)
	at org.apache.catalina.core.StandardEngine.startInternal(StandardEngine.java:262)
	at org.apache.catalina.util.LifecycleBase.start(LifecycleBase.java:150)
	... 17 common frames omitted
Wrapped by: org.apache.catalina.LifecycleException: Failed to start component [StandardEngine[Tomcat]]
	at org.apache.catalina.util.LifecycleBase.start(LifecycleBase.java:167)
	at org.apache.catalina.core.StandardService.startInternal(StandardService.java:422)
	at org.apache.catalina.util.LifecycleBase.start(LifecycleBase.java:150)
	... 15 common frames omitted
Wrapped by: org.apache.catalina.LifecycleException: Failed to start component [StandardService[Tomcat]]
	at org.apache.catalina.util.LifecycleBase.start(LifecycleBase.java:167)
	at org.apache.catalina.core.StandardServer.startInternal(StandardServer.java:793)
	at org.apache.catalina.util.LifecycleBase.start(LifecycleBase.java:150)
	... 13 common frames omitted
Wrapped by: org.apache.catalina.LifecycleException: Failed to start component [StandardServer[-1]]
	at org.apache.catalina.util.LifecycleBase.start(LifecycleBase.java:167)
	at org.apache.catalina.startup.Tomcat.start(Tomcat.java:367)
	at org.springframework.boot.context.embedded.tomcat.TomcatEmbeddedServletContainer.initialize(TomcatEmbeddedServletContainer.java:99)
	... 11 common frames omitted
Wrapped by: org.springframework.boot.context.embedded.EmbeddedServletContainerException: Unable to start embedded Tomcat
	at org.springframework.boot.context.embedded.tomcat.TomcatEmbeddedServletContainer.initialize(TomcatEmbeddedServletContainer.java:123)
	at org.springframework.boot.context.embedded.tomcat.TomcatEmbeddedServletContainer.<init>(TomcatEmbeddedServletContainer.java:84)
	at org.springframework.boot.context.embedded.tomcat.TomcatEmbeddedServletContainerFactory.getTomcatEmbeddedServletContainer(TomcatEmbeddedServletContainerFactory.java:554)
	at org.springframework.boot.context.embedded.tomcat.TomcatEmbeddedServletContainerFactory.getEmbeddedServletContainer(TomcatEmbeddedServletContainerFactory.java:179)
	at org.springframework.boot.context.embedded.EmbeddedWebApplicationContext.createEmbeddedServletContainer(EmbeddedWebApplicationContext.java:164)
	at org.springframework.boot.context.embedded.EmbeddedWebApplicationContext.onRefresh(EmbeddedWebApplicationContext.java:134)
	... 6 common frames omitted
Wrapped by: org.springframework.context.ApplicationContextException: Unable to start embedded container; nested exception is org.springframework.boot.context.embedded.EmbeddedServletContainerException: Unable to start embedded Tomcat
	at org.springframework.boot.context.embedded.EmbeddedWebApplicationContext.onRefresh(EmbeddedWebApplicationContext.java:137)
	at org.springframework.context.support.AbstractApplicationContext.refresh(AbstractApplicationContext.java:537)
	at org.springframework.boot.context.embedded.EmbeddedWebApplicationContext.refresh(EmbeddedWebApplicationContext.java:122)
	at org.springframework.boot.SpringApplication.refresh(SpringApplication.java:693)
	at org.springframework.boot.SpringApplication.refreshContext(SpringApplication.java:360)
	at org.springframework.boot.SpringApplication.run(SpringApplication.java:303)
	at com.alibaba.jstorm.ui.JstormUiApplication.main(JstormUiApplication.java:12)
2019-07-31 10:58:53,933 [main] INFO  c.a.j.u.JstormUiApplication - Starting JstormUiApplication on zanhonglei with PID 157396 (F:\workspace\pmi2\jstorm\jstorm-ui-boot\target\classes started by zhl in F:\workspace\pmi2\jstorm\jstorm-ui-boot)
2019-07-31 10:58:53,936 [main] INFO  c.a.j.u.JstormUiApplication - The following profiles are active: dev
2019-07-31 10:58:53,987 [main] INFO  o.s.b.c.e.AnnotationConfigEmbeddedWebApplicationContext - Refreshing org.springframework.boot.context.embedded.AnnotationConfigEmbeddedWebApplicationContext@18ce0030: startup date [Wed Jul 31 10:58:53 CST 2019]; root of context hierarchy
2019-07-31 10:58:54,183 [background-preinit] INFO  o.h.v.i.u.Version - HV000001: Hibernate Validator 5.3.6.Final
2019-07-31 10:58:54,978 [main] INFO  o.s.b.c.e.t.TomcatEmbeddedServletContainer - Tomcat initialized with port(s): 6060 (http)
2019-07-31 10:58:54,988 [main] INFO  o.a.c.c.StandardService - Starting service [Tomcat]
2019-07-31 10:58:54,988 [main] INFO  o.a.c.c.StandardEngine - Starting Servlet Engine: Apache Tomcat/8.5.23
2019-07-31 10:58:55,064 [Tomcat-startStop-1] ERROR o.a.c.c.ContainerBase - A child container failed during start
java.lang.NoSuchMethodError: javax.servlet.ServletContext.getVirtualServerName()Ljava/lang/String;
	at org.apache.catalina.authenticator.AuthenticatorBase.startInternal(AuthenticatorBase.java:1141)
	at org.apache.catalina.util.LifecycleBase.start(LifecycleBase.java:150)
	... 10 common frames omitted
Wrapped by: org.apache.catalina.LifecycleException: Failed to start component [org.apache.catalina.authenticator.NonLoginAuthenticator[]]
	at org.apache.catalina.util.LifecycleBase.start(LifecycleBase.java:167)
	at org.apache.catalina.core.StandardPipeline.startInternal(StandardPipeline.java:182)
	at org.apache.catalina.util.LifecycleBase.start(LifecycleBase.java:150)
	... 8 common frames omitted
Wrapped by: org.apache.catalina.LifecycleException: Failed to start component [Pipeline[StandardEngine[Tomcat].StandardHost[localhost].TomcatEmbeddedContext[]]]
	at org.apache.catalina.util.LifecycleBase.start(LifecycleBase.java:167)
	at org.apache.catalina.core.StandardContext.startInternal(StandardContext.java:5117)
	at org.apache.catalina.util.LifecycleBase.start(LifecycleBase.java:150)
	... 6 common frames omitted
Wrapped by: org.apache.catalina.LifecycleException: Failed to start component [StandardEngine[Tomcat].StandardHost[localhost].TomcatEmbeddedContext[]]
	at org.apache.catalina.util.LifecycleBase.start(LifecycleBase.java:167)
	... 6 common frames omitted
Wrapped by: java.util.concurrent.ExecutionException: org.apache.catalina.LifecycleException: Failed to start component [StandardEngine[Tomcat].StandardHost[localhost].TomcatEmbeddedContext[]]
	at java.util.concurrent.FutureTask.report(FutureTask.java:122)
	at java.util.concurrent.FutureTask.get(FutureTask.java:192)
	at org.apache.catalina.core.ContainerBase.startInternal(ContainerBase.java:939)
	at org.apache.catalina.core.StandardHost.startInternal(StandardHost.java:872)
	at org.apache.catalina.util.LifecycleBase.start(LifecycleBase.java:150)
	at org.apache.catalina.core.ContainerBase$StartChild.call(ContainerBase.java:1419)
	at org.apache.catalina.core.ContainerBase$StartChild.call(ContainerBase.java:1409)
	at java.util.concurrent.FutureTask.run(FutureTask.java:266)
	at java.util.concurrent.ThreadPoolExecutor.runWorker(ThreadPoolExecutor.java:1149)
	at java.util.concurrent.ThreadPoolExecutor$Worker.run(ThreadPoolExecutor.java:624)
	at java.lang.Thread.run(Thread.java:748)
2019-07-31 10:58:55,064 [main] ERROR o.a.c.c.ContainerBase - A child container failed during start
org.apache.catalina.LifecycleException: A child container failed during start
	at org.apache.catalina.core.ContainerBase.startInternal(ContainerBase.java:948)
	at org.apache.catalina.core.StandardHost.startInternal(StandardHost.java:872)
	at org.apache.catalina.util.LifecycleBase.start(LifecycleBase.java:150)
	... 6 common frames omitted
Wrapped by: org.apache.catalina.LifecycleException: Failed to start component [StandardEngine[Tomcat].StandardHost[localhost]]
	at org.apache.catalina.util.LifecycleBase.start(LifecycleBase.java:167)
	at org.apache.catalina.core.ContainerBase$StartChild.call(ContainerBase.java:1419)
	at org.apache.catalina.core.ContainerBase$StartChild.call(ContainerBase.java:1409)
	at java.util.concurrent.FutureTask.run(FutureTask.java:266)
	at java.util.concurrent.ThreadPoolExecutor.runWorker(ThreadPoolExecutor.java:1149)
	at java.util.concurrent.ThreadPoolExecutor$Worker.run(ThreadPoolExecutor.java:624)
	at java.lang.Thread.run(Thread.java:748)
Wrapped by: java.util.concurrent.ExecutionException: org.apache.catalina.LifecycleException: Failed to start component [StandardEngine[Tomcat].StandardHost[localhost]]
	at java.util.concurrent.FutureTask.report(FutureTask.java:122)
	at java.util.concurrent.FutureTask.get(FutureTask.java:192)
	at org.apache.catalina.core.ContainerBase.startInternal(ContainerBase.java:939)
	at org.apache.catalina.core.StandardEngine.startInternal(StandardEngine.java:262)
	at org.apache.catalina.util.LifecycleBase.start(LifecycleBase.java:150)
	at org.apache.catalina.core.StandardService.startInternal(StandardService.java:422)
	at org.apache.catalina.util.LifecycleBase.start(LifecycleBase.java:150)
	at org.apache.catalina.core.StandardServer.startInternal(StandardServer.java:793)
	at org.apache.catalina.util.LifecycleBase.start(LifecycleBase.java:150)
	at org.apache.catalina.startup.Tomcat.start(Tomcat.java:367)
	at org.springframework.boot.context.embedded.tomcat.TomcatEmbeddedServletContainer.initialize(TomcatEmbeddedServletContainer.java:99)
	at org.springframework.boot.context.embedded.tomcat.TomcatEmbeddedServletContainer.<init>(TomcatEmbeddedServletContainer.java:84)
	at org.springframework.boot.context.embedded.tomcat.TomcatEmbeddedServletContainerFactory.getTomcatEmbeddedServletContainer(TomcatEmbeddedServletContainerFactory.java:554)
	at org.springframework.boot.context.embedded.tomcat.TomcatEmbeddedServletContainerFactory.getEmbeddedServletContainer(TomcatEmbeddedServletContainerFactory.java:179)
	at org.springframework.boot.context.embedded.EmbeddedWebApplicationContext.createEmbeddedServletContainer(EmbeddedWebApplicationContext.java:164)
	at org.springframework.boot.context.embedded.EmbeddedWebApplicationContext.onRefresh(EmbeddedWebApplicationContext.java:134)
	at org.springframework.context.support.AbstractApplicationContext.refresh(AbstractApplicationContext.java:537)
	at org.springframework.boot.context.embedded.EmbeddedWebApplicationContext.refresh(EmbeddedWebApplicationContext.java:122)
	at org.springframework.boot.SpringApplication.refresh(SpringApplication.java:693)
	at org.springframework.boot.SpringApplication.refreshContext(SpringApplication.java:360)
	at org.springframework.boot.SpringApplication.run(SpringApplication.java:303)
	at com.alibaba.jstorm.ui.JstormUiApplication.main(JstormUiApplication.java:12)
2019-07-31 10:58:55,065 [main] WARN  o.s.b.c.e.AnnotationConfigEmbeddedWebApplicationContext - Exception encountered during context initialization - cancelling refresh attempt: org.springframework.context.ApplicationContextException: Unable to start embedded container; nested exception is org.springframework.boot.context.embedded.EmbeddedServletContainerException: Unable to start embedded Tomcat
2019-07-31 10:58:55,070 [main] INFO  o.s.b.a.l.AutoConfigurationReportLoggingInitializer - 

Error starting ApplicationContext. To display the auto-configuration report re-run your application with 'debug' enabled.
2019-07-31 10:58:55,074 [main] ERROR o.s.b.SpringApplication - Application startup failed
org.apache.catalina.LifecycleException: A child container failed during start
	at org.apache.catalina.core.ContainerBase.startInternal(ContainerBase.java:948)
	at org.apache.catalina.core.StandardEngine.startInternal(StandardEngine.java:262)
	at org.apache.catalina.util.LifecycleBase.start(LifecycleBase.java:150)
	... 17 common frames omitted
Wrapped by: org.apache.catalina.LifecycleException: Failed to start component [StandardEngine[Tomcat]]
	at org.apache.catalina.util.LifecycleBase.start(LifecycleBase.java:167)
	at org.apache.catalina.core.StandardService.startInternal(StandardService.java:422)
	at org.apache.catalina.util.LifecycleBase.start(LifecycleBase.java:150)
	... 15 common frames omitted
Wrapped by: org.apache.catalina.LifecycleException: Failed to start component [StandardService[Tomcat]]
	at org.apache.catalina.util.LifecycleBase.start(LifecycleBase.java:167)
	at org.apache.catalina.core.StandardServer.startInternal(StandardServer.java:793)
	at org.apache.catalina.util.LifecycleBase.start(LifecycleBase.java:150)
	... 13 common frames omitted
Wrapped by: org.apache.catalina.LifecycleException: Failed to start component [StandardServer[-1]]
	at org.apache.catalina.util.LifecycleBase.start(LifecycleBase.java:167)
	at org.apache.catalina.startup.Tomcat.start(Tomcat.java:367)
	at org.springframework.boot.context.embedded.tomcat.TomcatEmbeddedServletContainer.initialize(TomcatEmbeddedServletContainer.java:99)
	... 11 common frames omitted
Wrapped by: org.springframework.boot.context.embedded.EmbeddedServletContainerException: Unable to start embedded Tomcat
	at org.springframework.boot.context.embedded.tomcat.TomcatEmbeddedServletContainer.initialize(TomcatEmbeddedServletContainer.java:123)
	at org.springframework.boot.context.embedded.tomcat.TomcatEmbeddedServletContainer.<init>(TomcatEmbeddedServletContainer.java:84)
	at org.springframework.boot.context.embedded.tomcat.TomcatEmbeddedServletContainerFactory.getTomcatEmbeddedServletContainer(TomcatEmbeddedServletContainerFactory.java:554)
	at org.springframework.boot.context.embedded.tomcat.TomcatEmbeddedServletContainerFactory.getEmbeddedServletContainer(TomcatEmbeddedServletContainerFactory.java:179)
	at org.springframework.boot.context.embedded.EmbeddedWebApplicationContext.createEmbeddedServletContainer(EmbeddedWebApplicationContext.java:164)
	at org.springframework.boot.context.embedded.EmbeddedWebApplicationContext.onRefresh(EmbeddedWebApplicationContext.java:134)
	... 6 common frames omitted
Wrapped by: org.springframework.context.ApplicationContextException: Unable to start embedded container; nested exception is org.springframework.boot.context.embedded.EmbeddedServletContainerException: Unable to start embedded Tomcat
	at org.springframework.boot.context.embedded.EmbeddedWebApplicationContext.onRefresh(EmbeddedWebApplicationContext.java:137)
	at org.springframework.context.support.AbstractApplicationContext.refresh(AbstractApplicationContext.java:537)
	at org.springframework.boot.context.embedded.EmbeddedWebApplicationContext.refresh(EmbeddedWebApplicationContext.java:122)
	at org.springframework.boot.SpringApplication.refresh(SpringApplication.java:693)
	at org.springframework.boot.SpringApplication.refreshContext(SpringApplication.java:360)
	at org.springframework.boot.SpringApplication.run(SpringApplication.java:303)
	at com.alibaba.jstorm.ui.JstormUiApplication.main(JstormUiApplication.java:12)
2019-07-31 10:59:33,169 [main] INFO  c.a.j.u.JstormUiApplication - Starting JstormUiApplication on zanhonglei with PID 159812 (F:\workspace\pmi2\jstorm\jstorm-ui-boot\target\classes started by zhl in F:\workspace\pmi2\jstorm\jstorm-ui-boot)
2019-07-31 10:59:33,171 [main] INFO  c.a.j.u.JstormUiApplication - The following profiles are active: dev
2019-07-31 10:59:33,271 [main] INFO  o.s.b.c.e.AnnotationConfigEmbeddedWebApplicationContext - Refreshing org.springframework.boot.context.embedded.AnnotationConfigEmbeddedWebApplicationContext@4df50bcc: startup date [Wed Jul 31 10:59:33 CST 2019]; root of context hierarchy
2019-07-31 10:59:33,376 [background-preinit] INFO  o.h.v.i.u.Version - HV000001: Hibernate Validator 5.3.6.Final
2019-07-31 10:59:34,460 [main] INFO  o.s.b.c.e.t.TomcatEmbeddedServletContainer - Tomcat initialized with port(s): 6060 (http)
2019-07-31 10:59:34,467 [main] INFO  o.a.c.c.StandardService - Starting service [Tomcat]
2019-07-31 10:59:34,467 [main] INFO  o.a.c.c.StandardEngine - Starting Servlet Engine: Apache Tomcat/8.5.23
2019-07-31 10:59:34,546 [Tomcat-startStop-1] ERROR o.a.c.c.ContainerBase - A child container failed during start
java.lang.NoSuchMethodError: javax.servlet.ServletContext.getVirtualServerName()Ljava/lang/String;
	at org.apache.catalina.authenticator.AuthenticatorBase.startInternal(AuthenticatorBase.java:1141)
	at org.apache.catalina.util.LifecycleBase.start(LifecycleBase.java:150)
	... 10 common frames omitted
Wrapped by: org.apache.catalina.LifecycleException: Failed to start component [org.apache.catalina.authenticator.NonLoginAuthenticator[]]
	at org.apache.catalina.util.LifecycleBase.start(LifecycleBase.java:167)
	at org.apache.catalina.core.StandardPipeline.startInternal(StandardPipeline.java:182)
	at org.apache.catalina.util.LifecycleBase.start(LifecycleBase.java:150)
	... 8 common frames omitted
Wrapped by: org.apache.catalina.LifecycleException: Failed to start component [Pipeline[StandardEngine[Tomcat].StandardHost[localhost].TomcatEmbeddedContext[]]]
	at org.apache.catalina.util.LifecycleBase.start(LifecycleBase.java:167)
	at org.apache.catalina.core.StandardContext.startInternal(StandardContext.java:5117)
	at org.apache.catalina.util.LifecycleBase.start(LifecycleBase.java:150)
	... 6 common frames omitted
Wrapped by: org.apache.catalina.LifecycleException: Failed to start component [StandardEngine[Tomcat].StandardHost[localhost].TomcatEmbeddedContext[]]
	at org.apache.catalina.util.LifecycleBase.start(LifecycleBase.java:167)
	... 6 common frames omitted
Wrapped by: java.util.concurrent.ExecutionException: org.apache.catalina.LifecycleException: Failed to start component [StandardEngine[Tomcat].StandardHost[localhost].TomcatEmbeddedContext[]]
	at java.util.concurrent.FutureTask.report(FutureTask.java:122)
	at java.util.concurrent.FutureTask.get(FutureTask.java:192)
	at org.apache.catalina.core.ContainerBase.startInternal(ContainerBase.java:939)
	at org.apache.catalina.core.StandardHost.startInternal(StandardHost.java:872)
	at org.apache.catalina.util.LifecycleBase.start(LifecycleBase.java:150)
	at org.apache.catalina.core.ContainerBase$StartChild.call(ContainerBase.java:1419)
	at org.apache.catalina.core.ContainerBase$StartChild.call(ContainerBase.java:1409)
	at java.util.concurrent.FutureTask.run(FutureTask.java:266)
	at java.util.concurrent.ThreadPoolExecutor.runWorker(ThreadPoolExecutor.java:1149)
	at java.util.concurrent.ThreadPoolExecutor$Worker.run(ThreadPoolExecutor.java:624)
	at java.lang.Thread.run(Thread.java:748)
2019-07-31 10:59:34,547 [main] ERROR o.a.c.c.ContainerBase - A child container failed during start
org.apache.catalina.LifecycleException: A child container failed during start
	at org.apache.catalina.core.ContainerBase.startInternal(ContainerBase.java:948)
	at org.apache.catalina.core.StandardHost.startInternal(StandardHost.java:872)
	at org.apache.catalina.util.LifecycleBase.start(LifecycleBase.java:150)
	... 6 common frames omitted
Wrapped by: org.apache.catalina.LifecycleException: Failed to start component [StandardEngine[Tomcat].StandardHost[localhost]]
	at org.apache.catalina.util.LifecycleBase.start(LifecycleBase.java:167)
	at org.apache.catalina.core.ContainerBase$StartChild.call(ContainerBase.java:1419)
	at org.apache.catalina.core.ContainerBase$StartChild.call(ContainerBase.java:1409)
	at java.util.concurrent.FutureTask.run(FutureTask.java:266)
	at java.util.concurrent.ThreadPoolExecutor.runWorker(ThreadPoolExecutor.java:1149)
	at java.util.concurrent.ThreadPoolExecutor$Worker.run(ThreadPoolExecutor.java:624)
	at java.lang.Thread.run(Thread.java:748)
Wrapped by: java.util.concurrent.ExecutionException: org.apache.catalina.LifecycleException: Failed to start component [StandardEngine[Tomcat].StandardHost[localhost]]
	at java.util.concurrent.FutureTask.report(FutureTask.java:122)
	at java.util.concurrent.FutureTask.get(FutureTask.java:192)
	at org.apache.catalina.core.ContainerBase.startInternal(ContainerBase.java:939)
	at org.apache.catalina.core.StandardEngine.startInternal(StandardEngine.java:262)
	at org.apache.catalina.util.LifecycleBase.start(LifecycleBase.java:150)
	at org.apache.catalina.core.StandardService.startInternal(StandardService.java:422)
	at org.apache.catalina.util.LifecycleBase.start(LifecycleBase.java:150)
	at org.apache.catalina.core.StandardServer.startInternal(StandardServer.java:793)
	at org.apache.catalina.util.LifecycleBase.start(LifecycleBase.java:150)
	at org.apache.catalina.startup.Tomcat.start(Tomcat.java:367)
	at org.springframework.boot.context.embedded.tomcat.TomcatEmbeddedServletContainer.initialize(TomcatEmbeddedServletContainer.java:99)
	at org.springframework.boot.context.embedded.tomcat.TomcatEmbeddedServletContainer.<init>(TomcatEmbeddedServletContainer.java:84)
	at org.springframework.boot.context.embedded.tomcat.TomcatEmbeddedServletContainerFactory.getTomcatEmbeddedServletContainer(TomcatEmbeddedServletContainerFactory.java:554)
	at org.springframework.boot.context.embedded.tomcat.TomcatEmbeddedServletContainerFactory.getEmbeddedServletContainer(TomcatEmbeddedServletContainerFactory.java:179)
	at org.springframework.boot.context.embedded.EmbeddedWebApplicationContext.createEmbeddedServletContainer(EmbeddedWebApplicationContext.java:164)
	at org.springframework.boot.context.embedded.EmbeddedWebApplicationContext.onRefresh(EmbeddedWebApplicationContext.java:134)
	at org.springframework.context.support.AbstractApplicationContext.refresh(AbstractApplicationContext.java:537)
	at org.springframework.boot.context.embedded.EmbeddedWebApplicationContext.refresh(EmbeddedWebApplicationContext.java:122)
	at org.springframework.boot.SpringApplication.refresh(SpringApplication.java:693)
	at org.springframework.boot.SpringApplication.refreshContext(SpringApplication.java:360)
	at org.springframework.boot.SpringApplication.run(SpringApplication.java:303)
	at com.alibaba.jstorm.ui.JstormUiApplication.main(JstormUiApplication.java:12)
2019-07-31 10:59:34,548 [main] WARN  o.s.b.c.e.AnnotationConfigEmbeddedWebApplicationContext - Exception encountered during context initialization - cancelling refresh attempt: org.springframework.context.ApplicationContextException: Unable to start embedded container; nested exception is org.springframework.boot.context.embedded.EmbeddedServletContainerException: Unable to start embedded Tomcat
2019-07-31 10:59:34,552 [main] INFO  o.s.b.a.l.AutoConfigurationReportLoggingInitializer - 

Error starting ApplicationContext. To display the auto-configuration report re-run your application with 'debug' enabled.
2019-07-31 10:59:34,556 [main] ERROR o.s.b.SpringApplication - Application startup failed
org.apache.catalina.LifecycleException: A child container failed during start
	at org.apache.catalina.core.ContainerBase.startInternal(ContainerBase.java:948)
	at org.apache.catalina.core.StandardEngine.startInternal(StandardEngine.java:262)
	at org.apache.catalina.util.LifecycleBase.start(LifecycleBase.java:150)
	... 17 common frames omitted
Wrapped by: org.apache.catalina.LifecycleException: Failed to start component [StandardEngine[Tomcat]]
	at org.apache.catalina.util.LifecycleBase.start(LifecycleBase.java:167)
	at org.apache.catalina.core.StandardService.startInternal(StandardService.java:422)
	at org.apache.catalina.util.LifecycleBase.start(LifecycleBase.java:150)
	... 15 common frames omitted
Wrapped by: org.apache.catalina.LifecycleException: Failed to start component [StandardService[Tomcat]]
	at org.apache.catalina.util.LifecycleBase.start(LifecycleBase.java:167)
	at org.apache.catalina.core.StandardServer.startInternal(StandardServer.java:793)
	at org.apache.catalina.util.LifecycleBase.start(LifecycleBase.java:150)
	... 13 common frames omitted
Wrapped by: org.apache.catalina.LifecycleException: Failed to start component [StandardServer[-1]]
	at org.apache.catalina.util.LifecycleBase.start(LifecycleBase.java:167)
	at org.apache.catalina.startup.Tomcat.start(Tomcat.java:367)
	at org.springframework.boot.context.embedded.tomcat.TomcatEmbeddedServletContainer.initialize(TomcatEmbeddedServletContainer.java:99)
	... 11 common frames omitted
Wrapped by: org.springframework.boot.context.embedded.EmbeddedServletContainerException: Unable to start embedded Tomcat
	at org.springframework.boot.context.embedded.tomcat.TomcatEmbeddedServletContainer.initialize(TomcatEmbeddedServletContainer.java:123)
	at org.springframework.boot.context.embedded.tomcat.TomcatEmbeddedServletContainer.<init>(TomcatEmbeddedServletContainer.java:84)
	at org.springframework.boot.context.embedded.tomcat.TomcatEmbeddedServletContainerFactory.getTomcatEmbeddedServletContainer(TomcatEmbeddedServletContainerFactory.java:554)
	at org.springframework.boot.context.embedded.tomcat.TomcatEmbeddedServletContainerFactory.getEmbeddedServletContainer(TomcatEmbeddedServletContainerFactory.java:179)
	at org.springframework.boot.context.embedded.EmbeddedWebApplicationContext.createEmbeddedServletContainer(EmbeddedWebApplicationContext.java:164)
	at org.springframework.boot.context.embedded.EmbeddedWebApplicationContext.onRefresh(EmbeddedWebApplicationContext.java:134)
	... 6 common frames omitted
Wrapped by: org.springframework.context.ApplicationContextException: Unable to start embedded container; nested exception is org.springframework.boot.context.embedded.EmbeddedServletContainerException: Unable to start embedded Tomcat
	at org.springframework.boot.context.embedded.EmbeddedWebApplicationContext.onRefresh(EmbeddedWebApplicationContext.java:137)
	at org.springframework.context.support.AbstractApplicationContext.refresh(AbstractApplicationContext.java:537)
	at org.springframework.boot.context.embedded.EmbeddedWebApplicationContext.refresh(EmbeddedWebApplicationContext.java:122)
	at org.springframework.boot.SpringApplication.refresh(SpringApplication.java:693)
	at org.springframework.boot.SpringApplication.refreshContext(SpringApplication.java:360)
	at org.springframework.boot.SpringApplication.run(SpringApplication.java:303)
	at com.alibaba.jstorm.ui.JstormUiApplication.main(JstormUiApplication.java:12)
